Arguments: 
  D:\Program Files\nodejs\node.exe C:\Users\rlei\AppData\Roaming\npm\node_modules\yarn\bin\yarn.js add socket.io

PATH: 
  C:\WINDOWS\system32;C:\WINDOWS;C:\WINDOWS\System32\Wbem;C:\WINDOWS\System32\WindowsPowerShell\v1.0\;C:\Program Files\IDM Computer Solutions\UltraEdit;C:\Program Files\Microsoft VS Code\bin;C:\Program Files\Git\cmd;C:\Users\rlei\AppData\Local\Microsoft\WindowsApps;C:\Users\rlei\AppData\Local\atom\bin;D:\robin lei\softs\WebStorm 2019.1.2\bin;;C:\Users\rlei\AppData\Roaming\npm;D:\Program Files\nodejs;C:\Program Files\MongoDB\Server\4.2\bin;

Yarn version: 
  1.17.3

Node version: 
  10.15.3

Platform: 
  win32 x64

Trace: 
  Error: self signed certificate in certificate chain
      at TLSSocket.onConnectSecure (_tls_wrap.js:1051:34)
      at TLSSocket.emit (events.js:189:13)
      at TLSSocket._finishInit (_tls_wrap.js:633:8)

npm manifest: 
  {
    "name": "websocket",
    "version": "1.0.0",
    "main": "index.js",
    "license": "MIT"
  }

yarn manifest: 
  No manifest

Lockfile: 
  No lockfile
